<?xml version="1.0" encoding="UTF-8"?>
<!-- Generated by org.testng.reporters.JUnitXMLReporter -->
<testsuite ignored="0" hostname="LAPTOP-668BP5IR" failures="1" tests="1" name="Test" time="0.547" errors="0" timestamp="12 Apr 2023 23:25:17 GMT">
  <testcase classname="docker.LoginTest" name="loginTest" time="0.524">
    <failure type="org.testng.internal.reflect.MethodMatcherException" message="
Data provider mismatch
Method: loginTest([Parameter{index=0, type=java.util.Map, declaredAnnotations=[]}])
Arguments: [(java.lang.String) abcdeabcde212,(java.lang.String) abcd1abcd]">
      <![CDATA[org.testng.internal.reflect.MethodMatcherException: 
Data provider mismatch
Method: loginTest([Parameter{index=0, type=java.util.Map, declaredAnnotations=[]}])
Arguments: [(java.lang.String) abcdeabcde212,(java.lang.String) abcd1abcd]
... Removed 20 stack frames]]>
    </failure>
  </testcase> <!-- loginTest -->
</testsuite> <!-- Test -->
