<?xml version="1.0" encoding="UTF-8"?>
<testng-results ignored="0" total="2" passed="2" failed="0" skipped="0">
  <reporter-output>
  </reporter-output>
  <suite started-at="2023-04-13T00:45:46Z" name="Default suite" finished-at="2023-04-13T00:45:46Z" duration-ms="67">
    <groups>
    </groups>
    <test started-at="2023-04-13T00:45:46Z" name="Default test" finished-at="2023-04-13T00:45:46Z" duration-ms="67">
      <class name="docker.Sample">
        <test-method is-config="true" signature="setup([Ljava.lang.Object;)[pri:0, instance:docker.Sample@53fb3dab]" started-at="2023-04-13T00:45:46Z" name="setup" finished-at="2023-04-13T00:45:46Z" duration-ms="7" status="PASS">
          <params>
            <param index="0">
              <value>
                <![CDATA[[Ljava.lang.Object;@72ef8d15]]>
              </value>
            </param>
          </params>
          <reporter-output>
          </reporter-output>
        </test-method> <!-- setup -->
        <test-method signature="localTest(java.lang.String, java.lang.String)[pri:0, instance:docker.Sample@53fb3dab]" started-at="2023-04-13T00:45:46Z" name="localTest" data-provider="getData" finished-at="2023-04-13T00:45:46Z" duration-ms="15" status="PASS">
          <params>
            <param index="0">
              <value>
                <![CDATA[khaja]]>
              </value>
            </param>
            <param index="1">
              <value>
                <![CDATA[ts]]>
              </value>
            </param>
          </params>
          <reporter-output>
          </reporter-output>
        </test-method> <!-- localTest -->
        <test-method is-config="true" signature="setup([Ljava.lang.Object;)[pri:0, instance:docker.Sample@53fb3dab]" started-at="2023-04-13T00:45:46Z" name="setup" finished-at="2023-04-13T00:45:46Z" duration-ms="0" status="PASS">
          <params>
            <param index="0">
              <value>
                <![CDATA[[Ljava.lang.Object;@6aa8e115]]>
              </value>
            </param>
          </params>
          <reporter-output>
          </reporter-output>
        </test-method> <!-- setup -->
        <test-method signature="localTest(java.lang.String, java.lang.String)[pri:0, instance:docker.Sample@53fb3dab]" started-at="2023-04-13T00:45:46Z" name="localTest" data-provider="getData" finished-at="2023-04-13T00:45:46Z" duration-ms="3" status="PASS">
          <params>
            <param index="0">
              <value>
                <![CDATA[sameer]]>
              </value>
            </param>
            <param index="1">
              <value>
                <![CDATA[rathod]]>
              </value>
            </param>
          </params>
          <reporter-output>
          </reporter-output>
        </test-method> <!-- localTest -->
      </class> <!-- docker.Sample -->
    </test> <!-- Default test -->
  </suite> <!-- Default suite -->
</testng-results>
